<?xml version="1.0" encoding="utf-8"?><testsuites name="pytest tests"><testsuite name="pytest" errors="0" failures="0" skipped="0" tests="18" time="10.753" timestamp="2026-05-06T10:13:42.650038+00:00" hostname="agent-env-58fcdcc6-1ddc-468a-876b-b7a03215aa49"><testcase classname="backend.tests.test_hackhive.TestAuth" name="test_admin_login" time="1.044" /><testcase classname="backend.tests.test_hackhive.TestAuth" name="test_me_with_bearer" time="0.103" /><testcase classname="backend.tests.test_hackhive.TestAuth" name="test_me_without_token" time="0.112" /><testcase classname="backend.tests.test_hackhive.TestAuth" name="test_login_bad_password" time="0.326" /><testcase classname="backend.tests.test_hackhive.TestAuth" name="test_register_participant" time="0.323" /><testcase classname="backend.tests.test_hackhive.TestMeetings" name="test_create_has_jitsi_and_token" time="0.149" /><testcase classname="backend.tests.test_hackhive.TestMeetings" name="test_list_meetings" time="0.117" /><testcase classname="backend.tests.test_hackhive.TestMeetings" name="test_get_meeting_detail" time="0.098" /><testcase classname="backend.tests.test_hackhive.TestMeetings" name="test_public_poll_no_auth" time="0.139" /><testcase classname="backend.tests.test_hackhive.TestMeetings" name="test_vote_and_dedup" time="0.411" /><testcase classname="backend.tests.test_hackhive.TestMeetings" name="test_finalize_host_only" time="0.204" /><testcase classname="backend.tests.test_hackhive.TestMeetings" name="test_attendance_host_only" time="0.244" /><testcase classname="backend.tests.test_hackhive.TestMeetings" name="test_recording_completes" time="0.103" /><testcase classname="backend.tests.test_hackhive.TestMeetings" name="test_ics_export" time="0.102" /><testcase classname="backend.tests.test_hackhive.TestOverlap" name="test_overlap_returns_400" time="0.143" /><testcase classname="backend.tests.test_hackhive.TestDashboardNotifications" name="test_dashboard_stats" time="0.107" /><testcase classname="backend.tests.test_hackhive.TestDashboardNotifications" name="test_notifications_flow" time="0.190" /><testcase classname="backend.tests.test_hackhive.TestAutoFinalize" name="test_auto_finalize" time="6.745" /></testsuite></testsuites>